{"C:\\Users\\madji\\project\\rateLimit\\src\\middlewares\\authenticate.js": {"path":"C:\\Users\\madji\\project\\rateLimit\\src\\middlewares\\authenticate.js","statementMap":{"0":{"start":{"line":1,"column":12},"end":{"line":1,"column":35}},"1":{"start":{"line":2,"column":41},"end":{"line":2,"column":71}},"2":{"start":{"line":4,"column":21},"end":{"line":25,"column":1}},"3":{"start":{"line":5,"column":19},"end":{"line":5,"column":43}},"4":{"start":{"line":7,"column":2},"end":{"line":11,"column":3}},"5":{"start":{"line":8,"column":4},"end":{"line":10,"column":62}},"6":{"start":{"line":13,"column":16},"end":{"line":13,"column":76}},"7":{"start":{"line":13,"column":53},"end":{"line":13,"column":75}},"8":{"start":{"line":14,"column":2},"end":{"line":16,"column":3}},"9":{"start":{"line":15,"column":4},"end":{"line":15,"column":66}},"10":{"start":{"line":18,"column":2},"end":{"line":24,"column":3}},"11":{"start":{"line":19,"column":20},"end":{"line":19,"column":49}},"12":{"start":{"line":20,"column":4},"end":{"line":20,"column":22}},"13":{"start":{"line":21,"column":4},"end":{"line":21,"column":10}},"14":{"start":{"line":23,"column":4},"end":{"line":23,"column":77}},"15":{"start":{"line":27,"column":0},"end":{"line":27,"column":29}}},"fnMap":{"0":{"name":"(anonymous_0)","decl":{"start":{"line":4,"column":21},"end":{"line":4,"column":22}},"loc":{"start":{"line":4,"column":41},"end":{"line":25,"column":1}},"line":4},"1":{"name":"(anonymous_1)","decl":{"start":{"line":13,"column":38},"end":{"line":13,"column":39}},"loc":{"start":{"line":13,"column":53},"end":{"line":13,"column":75}},"line":13}},"branchMap":{"0":{"loc":{"start":{"line":7,"column":2},"end":{"line":11,"column":3}},"type":"if","locations":[{"start":{"line":7,"column":2},"end":{"line":11,"column":3}},{"start":{},"end":{}}],"line":7},"1":{"loc":{"start":{"line":14,"column":2},"end":{"line":16,"column":3}},"type":"if","locations":[{"start":{"line":14,"column":2},"end":{"line":16,"column":3}},{"start":{},"end":{}}],"line":14}},"s":{"0":1,"1":1,"2":1,"3":4,"4":4,"5":1,"6":3,"7":5,"8":3,"9":2,"10":1,"11":1,"12":1,"13":1,"14":0,"15":1},"f":{"0":4,"1":5},"b":{"0":[1,3],"1":[2,1]},"_coverageSchema":"1a1c01bbd47fc00a2c39e90264f33305004495a9","hash":"af25259f8d4335ae53ebc0c5168d10bb470690e7"}
,"C:\\Users\\madji\\project\\rateLimit\\src\\utility\\constant.js": {"path":"C:\\Users\\madji\\project\\rateLimit\\src\\utility\\constant.js","statementMap":{"0":{"start":{"line":1,"column":29},"end":{"line":3,"column":7}},"1":{"start":{"line":5,"column":36},"end":{"line":9,"column":8}},"2":{"start":{"line":11,"column":26},"end":{"line":13,"column":7}},"3":{"start":{"line":15,"column":33},"end":{"line":19,"column":8}},"4":{"start":{"line":21,"column":25},"end":{"line":24,"column":1}},"5":{"start":{"line":28,"column":2},"end":{"line":28,"column":223}},"6":{"start":{"line":30,"column":0},"end":{"line":37,"column":1}}},"fnMap":{},"branchMap":{"0":{"loc":{"start":{"line":1,"column":29},"end":{"line":3,"column":7}},"type":"cond-expr","locations":[{"start":{"line":2,"column":4},"end":{"line":2,"column":36}},{"start":{"line":3,"column":4},"end":{"line":3,"column":7}}],"line":1},"1":{"loc":{"start":{"line":5,"column":36},"end":{"line":9,"column":8}},"type":"cond-expr","locations":[{"start":{"line":8,"column":4},"end":{"line":8,"column":43}},{"start":{"line":9,"column":4},"end":{"line":9,"column":8}}],"line":5},"2":{"loc":{"start":{"line":11,"column":26},"end":{"line":13,"column":7}},"type":"cond-expr","locations":[{"start":{"line":12,"column":4},"end":{"line":12,"column":33}},{"start":{"line":13,"column":4},"end":{"line":13,"column":7}}],"line":11},"3":{"loc":{"start":{"line":15,"column":33},"end":{"line":19,"column":8}},"type":"cond-expr","locations":[{"start":{"line":18,"column":4},"end":{"line":18,"column":40}},{"start":{"line":19,"column":4},"end":{"line":19,"column":8}}],"line":15}},"s":{"0":1,"1":1,"2":1,"3":1,"4":1,"5":1,"6":1},"f":{},"b":{"0":[0,1],"1":[0,1],"2":[0,1],"3":[0,1]},"_coverageSchema":"1a1c01bbd47fc00a2c39e90264f33305004495a9","hash":"ee62a09081d147a1c61e6f7a419983f3e22de30d"}
,"C:\\Users\\madji\\project\\rateLimit\\src\\utility\\rateLimitter.js": {"path":"C:\\Users\\madji\\project\\rateLimit\\src\\utility\\rateLimitter.js","statementMap":{"0":{"start":{"line":1,"column":21},"end":{"line":52,"column":1}},"1":{"start":{"line":2,"column":15},"end":{"line":19,"column":3}},"2":{"start":{"line":3,"column":4},"end":{"line":18,"column":5}},"3":{"start":{"line":4,"column":18},"end":{"line":4,"column":47}},"4":{"start":{"line":5,"column":20},"end":{"line":5,"column":47}},"5":{"start":{"line":6,"column":6},"end":{"line":14,"column":7}},"6":{"start":{"line":7,"column":8},"end":{"line":13,"column":9}},"7":{"start":{"line":8,"column":29},"end":{"line":8,"column":55}},"8":{"start":{"line":9,"column":10},"end":{"line":9,"column":74}},"9":{"start":{"line":10,"column":10},"end":{"line":10,"column":27}},"10":{"start":{"line":11,"column":15},"end":{"line":13,"column":9}},"11":{"start":{"line":12,"column":10},"end":{"line":12,"column":60}},"12":{"start":{"line":15,"column":6},"end":{"line":15,"column":15}},"13":{"start":{"line":17,"column":6},"end":{"line":17,"column":26}},"14":{"start":{"line":21,"column":21},"end":{"line":38,"column":3}},"15":{"start":{"line":22,"column":4},"end":{"line":37,"column":5}},"16":{"start":{"line":23,"column":18},"end":{"line":23,"column":47}},"17":{"start":{"line":24,"column":21},"end":{"line":24,"column":47}},"18":{"start":{"line":25,"column":6},"end":{"line":27,"column":7}},"19":{"start":{"line":26,"column":8},"end":{"line":26,"column":17}},"20":{"start":{"line":28,"column":6},"end":{"line":33,"column":7}},"21":{"start":{"line":29,"column":8},"end":{"line":32,"column":9}},"22":{"start":{"line":30,"column":29},"end":{"line":30,"column":55}},"23":{"start":{"line":31,"column":10},"end":{"line":31,"column":27}},"24":{"start":{"line":34,"column":6},"end":{"line":34,"column":15}},"25":{"start":{"line":36,"column":6},"end":{"line":36,"column":26}},"26":{"start":{"line":40,"column":21},"end":{"line":46,"column":3}},"27":{"start":{"line":41,"column":4},"end":{"line":45,"column":5}},"28":{"start":{"line":42,"column":6},"end":{"line":44,"column":7}},"29":{"start":{"line":43,"column":8},"end":{"line":43,"column":45}},"30":{"start":{"line":48,"column":2},"end":{"line":51,"column":3}},"31":{"start":{"line":54,"column":0},"end":{"line":54,"column":29}}},"fnMap":{"0":{"name":"(anonymous_0)","decl":{"start":{"line":1,"column":21},"end":{"line":1,"column":22}},"loc":{"start":{"line":1,"column":44},"end":{"line":52,"column":1}},"line":1},"1":{"name":"(anonymous_1)","decl":{"start":{"line":2,"column":15},"end":{"line":2,"column":16}},"loc":{"start":{"line":2,"column":40},"end":{"line":19,"column":3}},"line":2},"2":{"name":"(anonymous_2)","decl":{"start":{"line":21,"column":21},"end":{"line":21,"column":22}},"loc":{"start":{"line":21,"column":46},"end":{"line":38,"column":3}},"line":21},"3":{"name":"(anonymous_3)","decl":{"start":{"line":40,"column":21},"end":{"line":40,"column":22}},"loc":{"start":{"line":40,"column":65},"end":{"line":46,"column":3}},"line":40}},"branchMap":{"0":{"loc":{"start":{"line":7,"column":8},"end":{"line":13,"column":9}},"type":"if","locations":[{"start":{"line":7,"column":8},"end":{"line":13,"column":9}},{"start":{"line":11,"column":15},"end":{"line":13,"column":9}}],"line":7},"1":{"loc":{"start":{"line":11,"column":15},"end":{"line":13,"column":9}},"type":"if","locations":[{"start":{"line":11,"column":15},"end":{"line":13,"column":9}},{"start":{},"end":{}}],"line":11},"2":{"loc":{"start":{"line":25,"column":6},"end":{"line":27,"column":7}},"type":"if","locations":[{"start":{"line":25,"column":6},"end":{"line":27,"column":7}},{"start":{},"end":{}}],"line":25},"3":{"loc":{"start":{"line":29,"column":8},"end":{"line":32,"column":9}},"type":"if","locations":[{"start":{"line":29,"column":8},"end":{"line":32,"column":9}},{"start":{},"end":{}}],"line":29},"4":{"loc":{"start":{"line":42,"column":6},"end":{"line":44,"column":7}},"type":"if","locations":[{"start":{"line":42,"column":6},"end":{"line":44,"column":7}},{"start":{},"end":{}}],"line":42}},"s":{"0":1,"1":1,"2":13,"3":13,"4":13,"5":13,"6":13,"7":2,"8":2,"9":2,"10":11,"11":3,"12":11,"13":0,"14":1,"15":2,"16":2,"17":2,"18":2,"19":2,"20":0,"21":0,"22":0,"23":0,"24":0,"25":0,"26":1,"27":2,"28":2,"29":2,"30":1,"31":1},"f":{"0":1,"1":13,"2":2,"3":2},"b":{"0":[2,11],"1":[3,8],"2":[2,0],"3":[0,0],"4":[2,0]},"_coverageSchema":"1a1c01bbd47fc00a2c39e90264f33305004495a9","hash":"2a1ed3a28fb02c5e0493c30d77052f85f04a2d56"}
}
