TN:
SF:src\middlewares\authenticate.js
FN:4,(anonymous_0)
FN:13,(anonymous_1)
FNF:2
FNH:2
FNDA:4,(anonymous_0)
FNDA:5,(anonymous_1)
DA:1,1
DA:2,1
DA:4,1
DA:5,4
DA:7,4
DA:8,1
DA:13,5
DA:14,3
DA:15,2
DA:18,1
DA:19,1
DA:20,1
DA:21,1
DA:23,0
DA:27,1
LF:15
LH:14
BRDA:7,0,0,1
BRDA:7,0,1,3
BRDA:14,1,0,2
BRDA:14,1,1,1
BRF:4
BRH:4
end_of_record
TN:
SF:src\utility\constant.js
FNF:0
FNH:0
DA:1,1
DA:5,1
DA:11,1
DA:15,1
DA:21,1
DA:28,1
DA:30,1
LF:7
LH:7
BRDA:1,0,0,0
BRDA:1,0,1,1
BRDA:5,1,0,0
BRDA:5,1,1,1
BRDA:11,2,0,0
BRDA:11,2,1,1
BRDA:15,3,0,0
BRDA:15,3,1,1
BRF:8
BRH:4
end_of_record
TN:
SF:src\utility\rateLimitter.js
FN:1,(anonymous_0)
FN:2,(anonymous_1)
FN:21,(anonymous_2)
FN:40,(anonymous_3)
FNF:4
FNH:4
FNDA:1,(anonymous_0)
FNDA:13,(anonymous_1)
FNDA:2,(anonymous_2)
FNDA:2,(anonymous_3)
DA:1,1
DA:2,1
DA:3,13
DA:4,13
DA:5,13
DA:6,13
DA:7,13
DA:8,2
DA:9,2
DA:10,2
DA:11,11
DA:12,3
DA:15,11
DA:17,0
DA:21,1
DA:22,2
DA:23,2
DA:24,2
DA:25,2
DA:26,2
DA:28,0
DA:29,0
DA:30,0
DA:31,0
DA:34,0
DA:36,0
DA:40,1
DA:41,2
DA:42,2
DA:43,2
DA:48,1
DA:54,1
LF:32
LH:25
BRDA:7,0,0,2
BRDA:7,0,1,11
BRDA:11,1,0,3
BRDA:11,1,1,8
BRDA:25,2,0,2
BRDA:25,2,1,0
BRDA:29,3,0,0
BRDA:29,3,1,0
BRDA:42,4,0,2
BRDA:42,4,1,0
BRF:10
BRH:6
end_of_record
